2015-05-13 18:36:47,898 INFO  [Main] Wed May 13 18:36:47 PKT 2015
2015-05-13 18:36:47,898 INFO  [Main] Total: 103
2015-05-13 18:36:47,898 INFO  [Main] Node [automated=false, done=false, timestamp=1, url=https://www.google.com.pk/search?q=lums&oq=lums&aqs=chrome..69i57j69i60l2j69i65l3.1703j0j1&sourceid=chrome&ie=UTF-8]
2015-05-13 18:36:59,138 INFO  [Main] Sim Change: [0.14035087719298245] currentUrl=[https://www.google.com.pk/logos/doodles/2015/inge-lehmanns-127th-birthday-5712482031108096-res.png] anchorUrl=[https://www.google.com.pk/search?q=lums&oq=lums&aqs=chrome..69i57j69i60l2j69i65l3.1703j0j1&sourceid=chrome&ie=UTF-8]
2015-05-13 18:36:59,138 INFO  [Main] Sim Change: [1.0] currentUrl=[https://www.google.com.pk/logos/doodles/2015/inge-lehmanns-127th-birthday-5712482031108096-res.png] anchorUrl=[https://www.google.com.pk/logos/doodles/2015/inge-lehmanns-127th-birthday-5712482031108096-res.png]
2015-05-13 18:37:05,524 INFO  [Main] Node [automated=true, done=true, timestamp=2, url=https://www.google.com.pk/logos/doodles/2015/inge-lehmanns-127th-birthday-5712482031108096-res.png]
2015-05-13 18:37:05,524 INFO  [Main] Node [automated=true, done=true, timestamp=3, url=https://www.google.com.pk/images/mappins_grey.png]
2015-05-13 18:37:05,524 INFO  [Main] Node [automated=true, done=true, timestamp=4, url=https://ssl.gstatic.com/gb/images/i1_71651352.png]
2015-05-13 18:37:05,524 INFO  [Main] Node [automated=true, done=true, timestamp=5, url=https://www.google.com.pk/maps/vt/data=RfCSdfNZ0LFPrHSm0ublXdzhdrDFhtmHhN1u-gM,zhsLHMembKy0X2w-EClG2SrZHSUuwevtGgrXOd1gn1O7o6lch7S7zf4cKIQFcOTusZUSoqPvrIrTaVk1W0YY6Sho75Erhu55znmO0ahXNZDVZb3ct16C-9g8Lj6q1DpTu1AT]
2015-05-13 18:37:05,524 INFO  [Main] Node [automated=true, done=true, timestamp=6, url=https://www.google.com.pk/xjs/_/js/k=xjs.s.en.8Q5_RBVAtcg.O/m=sx,c,sb,cdos,cr,elog,jsa,r,hsm,j,p,d,csi/am=pEoI8bcYCINJQTUh1AE/rt=j/d=1/t=zcms/rs=ACT90oHGIi81YE39CZEM5jHFIE82WmRapw]
2015-05-13 18:37:05,524 INFO  [Main] Node [automated=true, done=true, timestamp=7, url=https://www.google.com.pk/images/nav_logo195.png]
2015-05-13 18:37:05,524 INFO  [Main] Node [automated=true, done=true, timestamp=8, url=https://www.gstatic.com/og/_/js/k=og.og2.en_US.gnXqIDYxkxw.O/rt=j/t=zcms/m=sy5,sy8,sy14,def/rs=AItRSTMcEUsJ3P6NOZBhtH10RdwPq_Duag]
2015-05-13 18:37:05,524 INFO  [Main] Node [automated=true, done=true, timestamp=9, url=https://www.google.com.pk/xjs/_/js/k=xjs.s.en.8Q5_RBVAtcg.O/m=sy23,abd,aspn,sy73,sy72,sy71,sy74,async,sy176,sy361,sy362,sy9,sy35,sy363,sy376,sy7,sy377,dvl,erh,sy75,foot,fpe,sy164,hv,idck,sy130,sy134,imap,ipv6,lc,sy137,lu,sy383,m,sf,sy172,sy30,sy116,sy208,sy209,sy222,sy182,sy225,sy181,sy113,sy117,sy207,sy223,sy226,sy228,sy220,spch,vm,sy49,sy50,sy129,em15,vs,sy41,sy42,sy44,sy46,sy43,sy47,sy45,sy76,sy79,sy77,tnv,sy115,sy183,sy180,sy186,sy184,sy185,sy187,sy344,sy32,sy188,sy37,sy345,sy131,sy33,sy139,sy214,sy346,sy347,lor,sy178,sy348,lorl,sy231,nqsb,me,sy80,sy36,sy81,sy108,sy119,sy169,kx,sy321,sy323,sy165,sy325,sy166,sy327,sy335,kptm,sy314,sy328,iud,oh/am=pEoI8bcYCINJQTUh1AE/rt=j/d=0/t=zcms/rs=ACT90oHGIi81YE39CZEM5jHFIE82WmRapw]
2015-05-13 18:37:05,524 INFO  [Main] Node [automated=true, done=true, timestamp=10, url=https://apis.google.com/_/scs/abc-static/_/js/k=gapi.gapi.en.JXIefcUbZZo.O/m=gapi_iframes,googleapis_client,plusone/rt=j/sv=1/d=1/ed=1/am=AAQ/rs=AItRSTOQO0XqKCh9HBUY7V1iRmZQAcQnGg/cb=gapi.loaded_0]
2015-05-13 18:37:05,524 INFO  [Main] Node [automated=true, done=true, timestamp=11, url=https://www.google.com/textinputassistant/tia.png]
2015-05-13 18:37:05,524 INFO  [Main] Node [automated=false, done=false, timestamp=12, url=http://www.lums.edu.pk/]
2015-05-13 18:37:21,196 INFO  [Main] Node [automated=true, done=true, timestamp=13, url=http://lums.edu.pk/assets/plugins/bootstrap/css/bootstrap.css]
2015-05-13 18:37:21,196 INFO  [Main] Node [automated=true, done=true, timestamp=14, url=http://lums.edu.pk/assets/css/style.css]
2015-05-13 18:37:21,196 INFO  [Main] Node [automated=true, done=true, timestamp=15, url=http://lums.edu.pk/assets/plugins/line-icons/line-icons.css]
2015-05-13 18:37:21,196 INFO  [Main] Node [automated=true, done=true, timestamp=16, url=http://lums.edu.pk/assets/plugins/font-awesome/css/font-awesome.min.css]
2015-05-13 18:37:21,196 INFO  [Main] Node [automated=true, done=true, timestamp=17, url=http://lums.edu.pk/assets/plugins/flexslider/flexslider.css]
2015-05-13 18:37:21,196 INFO  [Main] Node [automated=true, done=true, timestamp=18, url=http://lums.edu.pk/assets/plugins/parallax-slider/css/parallax-slider.css]
2015-05-13 18:37:21,196 INFO  [Main] Node [automated=true, done=true, timestamp=19, url=http://lums.edu.pk/assets/plugins/fancybox/source/jquery.fancybox.css]
2015-05-13 18:37:21,196 INFO  [Main] Node [automated=true, done=true, timestamp=20, url=http://lums.edu.pk/assets/css/pages/portfolio-v1.css]
2015-05-13 18:37:21,196 INFO  [Main] Node [automated=true, done=true, timestamp=21, url=http://lums.edu.pk/assets/css/pages/portfolio-v2.css]
2015-05-13 18:37:21,196 INFO  [Main] Node [automated=true, done=true, timestamp=22, url=http://lums.edu.pk/assets/css/pages/page_pricing.css]
2015-05-13 18:37:21,196 INFO  [Main] Node [automated=true, done=true, timestamp=23, url=http://lums.edu.pk/assets/plugins/sky-forms/version-2.0.1/css/custom-sky-forms.css]
2015-05-13 18:37:21,196 INFO  [Main] Node [automated=true, done=true, timestamp=24, url=http://lums.edu.pk/assets/plugins/owl-carousel/owl-carousel/owl.carousel.css]
2015-05-13 18:37:21,196 INFO  [Main] Node [automated=true, done=true, timestamp=25, url=http://lums.edu.pk/assets/plugins/revolution-slider/examples/rs-plugin/css/settings.css]
2015-05-13 18:37:21,196 INFO  [Main] Node [automated=true, done=true, timestamp=26, url=http://lums.edu.pk/assets/css/themes/dark-blue.css]
2015-05-13 18:37:21,196 INFO  [Main] Node [automated=true, done=true, timestamp=27, url=http://lums.edu.pk/assets/css/custom.css]
2015-05-13 18:37:21,196 INFO  [Main] Node [automated=true, done=true, timestamp=28, url=http://lums.edu.pk/updata/websites/original/1_20140328112759.png]
2015-05-13 18:37:21,196 INFO  [Main] Node [automated=true, done=true, timestamp=29, url=http://lums.edu.pk/updata/parallax-slider/w617/5_20150430092527_slide.png]
2015-05-13 18:37:21,196 INFO  [Main] Node [automated=true, done=true, timestamp=30, url=http://lums.edu.pk/updata/parallax-slider/w617/6_20150430092625_slide.png]
2015-05-13 18:37:21,196 INFO  [Main] Node [automated=true, done=true, timestamp=31, url=http://lums.edu.pk/updata/parallax-slider/w617/7_20150430092811_slide.png]
2015-05-13 18:37:21,196 INFO  [Main] Node [automated=true, done=true, timestamp=32, url=http://lums.edu.pk/updata/schools/icon_sdsb.jpg]
2015-05-13 18:37:21,196 INFO  [Main] Node [automated=true, done=true, timestamp=33, url=http://lums.edu.pk/updata/schools/icon_mgshss.jpg]
2015-05-13 18:37:21,196 INFO  [Main] Node [automated=true, done=true, timestamp=34, url=http://lums.edu.pk/updata/schools/icon_sbasse.jpg]
2015-05-13 18:37:21,196 INFO  [Main] Node [automated=true, done=true, timestamp=35, url=http://lums.edu.pk/updata/schools/icon_sahsol_new.jpg]
2015-05-13 18:37:21,196 INFO  [Main] Node [automated=true, done=true, timestamp=36, url=http://lums.edu.pk/updata/calendar/w320/3407_20150513104635.jpg]
2015-05-13 18:37:21,196 INFO  [Main] Node [automated=true, done=true, timestamp=37, url=http://lums.edu.pk/updata/calendar/w320/3401_20150512104256.jpg]
2015-05-13 18:37:21,196 INFO  [Main] Node [automated=true, done=true, timestamp=38, url=http://lums.edu.pk/updata/calendar/w320/3405_20150512114549.jpg]
2015-05-13 18:37:21,196 INFO  [Main] Node [automated=true, done=true, timestamp=39, url=http://lums.edu.pk/updata/calendar/w320/3398_20150507112212.jpg]
2015-05-13 18:37:21,196 INFO  [Main] Node [automated=true, done=true, timestamp=40, url=http://lums.edu.pk/updata/calendar/w320/3404_20150512111957.jpg]
2015-05-13 18:37:21,196 INFO  [Main] Node [automated=true, done=true, timestamp=41, url=http://lums.edu.pk/updata/calendar/w320/3382_20150430171011.jpg]
2015-05-13 18:37:21,196 INFO  [Main] Node [automated=true, done=true, timestamp=42, url=http://lums.edu.pk/updata/calendar/w320/3402_20150512110757.jpg]
2015-05-13 18:37:21,196 INFO  [Main] Node [automated=true, done=true, timestamp=43, url=http://lums.edu.pk/updata/calendar/w320/3386_20150504105917.jpg]
2015-05-13 18:37:21,196 INFO  [Main] Node [automated=true, done=true, timestamp=44, url=http://lums.edu.pk/updata/calendar/w320/3384_20150504103016.jpg]
2015-05-13 18:37:21,196 INFO  [Main] Node [automated=true, done=true, timestamp=45, url=http://lums.edu.pk/updata/calendar/w320/3374_20150428121857.jpg]
2015-05-13 18:37:21,196 INFO  [Main] Node [automated=true, done=true, timestamp=46, url=http://lums.edu.pk/updata/calendar/w320/3378_20150429104249.jpg]
2015-05-13 18:37:21,196 INFO  [Main] Node [automated=true, done=true, timestamp=47, url=http://lums.edu.pk/updata/calendar/w320/3359_20150422090307.jpg]
2015-05-13 18:37:21,196 INFO  [Main] Node [automated=true, done=true, timestamp=48, url=http://lums.edu.pk/updata/calendar/w320/3335_20150413094959.jpg]
2015-05-13 18:37:21,196 INFO  [Main] Node [automated=true, done=true, timestamp=49, url=http://lums.edu.pk/updata/websites/tiny/logo.png]
2015-05-13 18:37:21,196 INFO  [Main] Node [automated=true, done=true, timestamp=50, url=http://lums.edu.pk/assets/plugins/jquery-1.10.2.min.js]
2015-05-13 18:37:21,196 INFO  [Main] Node [automated=true, done=true, timestamp=51, url=http://lums.edu.pk/assets/plugins/jquery-migrate-1.2.1.min.js]
2015-05-13 18:37:21,196 INFO  [Main] Node [automated=true, done=true, timestamp=52, url=http://lums.edu.pk/assets/plugins/bootstrap/js/bootstrap.min.js]
2015-05-13 18:37:21,196 INFO  [Main] Node [automated=true, done=true, timestamp=53, url=http://lums.edu.pk/assets/plugins/back-to-top.js]
2015-05-13 18:37:21,196 INFO  [Main] Node [automated=true, done=true, timestamp=54, url=http://lums.edu.pk/assets/plugins/jquery.mixitup.min.js]
2015-05-13 18:37:21,196 INFO  [Main] Node [automated=true, done=true, timestamp=55, url=http://lums.edu.pk/assets/plugins/flexslider/jquery.flexslider-min.js]
2015-05-13 18:37:21,196 INFO  [Main] Node [automated=true, done=true, timestamp=56, url=http://lums.edu.pk/assets/plugins/parallax-slider/js/modernizr.js]
2015-05-13 18:37:21,196 INFO  [Main] Node [automated=true, done=true, timestamp=57, url=http://lums.edu.pk/assets/plugins/parallax-slider/js/jquery.cslider.js]
2015-05-13 18:37:21,196 INFO  [Main] Node [automated=true, done=true, timestamp=58, url=http://lums.edu.pk/assets/js/app.js]
2015-05-13 18:37:21,196 INFO  [Main] Node [automated=true, done=true, timestamp=59, url=http://lums.edu.pk/assets/js/pages/index.js]
2015-05-13 18:37:21,196 INFO  [Main] Node [automated=true, done=true, timestamp=60, url=http://lums.edu.pk/assets/js/pages/page_portfolio.js]
2015-05-13 18:37:21,196 INFO  [Main] Node [automated=true, done=true, timestamp=61, url=http://lums.edu.pk/assets/plugins/owl-carousel/owl-carousel/owl.carousel.js]
2015-05-13 18:37:21,196 INFO  [Main] Node [automated=true, done=true, timestamp=62, url=http://lums.edu.pk/assets/plugins/revolution-slider/examples/rs-plugin/js/jquery.themepunch.plugins.min.js]
2015-05-13 18:37:21,196 INFO  [Main] Node [automated=true, done=true, timestamp=63, url=http://lums.edu.pk/assets/plugins/revolution-slider/examples/rs-plugin/js/jquery.themepunch.revolution.min.js]
2015-05-13 18:37:21,196 INFO  [Main] Node [automated=true, done=true, timestamp=64, url=http://lums.edu.pk/assets/js/plugins/owl-carousel.js]
2015-05-13 18:37:21,196 INFO  [Main] Node [automated=true, done=true, timestamp=65, url=http://lums.edu.pk/assets/css/app.css]
2015-05-13 18:37:21,196 INFO  [Main] Node [automated=true, done=true, timestamp=66, url=http://lums.edu.pk/assets/css/plugins.css]
2015-05-13 18:37:21,196 INFO  [Main] Node [automated=true, done=true, timestamp=67, url=http://lums.edu.pk/assets/css/plugins/animate.css]
2015-05-13 18:37:21,196 INFO  [Main] Node [automated=true, done=true, timestamp=68, url=http://lums.edu.pk/assets/css/plugins/box-shadows.css]
2015-05-13 18:37:21,196 INFO  [Main] Node [automated=true, done=true, timestamp=69, url=http://lums.edu.pk/assets/plugins/sky-forms/version-2.0.1/css/sky-forms.css]
2015-05-13 18:37:21,196 INFO  [Main] Node [automated=true, done=true, timestamp=70, url=http://fonts.googleapis.com/css?family=Open+Sans:300,400]
2015-05-13 18:37:21,196 INFO  [Main] Node [automated=true, done=true, timestamp=71, url=http://fonts.googleapis.com/css?family=Open+Sans:300,400,700]
2015-05-13 18:37:21,196 INFO  [Main] Node [automated=true, done=true, timestamp=72, url=http://www.google-analytics.com/analytics.js]
2015-05-13 18:37:21,196 INFO  [Main] Node [automated=true, done=true, timestamp=73, url=http://www.lums.edu.pk/calendar_index.php]
2015-05-13 18:37:21,196 INFO  [Main] Node [automated=true, done=true, timestamp=74, url=http://stats.g.doubleclick.net/dc.js]
2015-05-13 18:37:21,196 INFO  [Main] Node [automated=true, done=true, timestamp=75, url=http://lums.edu.pk/assets/plugins/font-awesome/fonts/fontawesome-webfont.woff?v=4.0.3]
2015-05-13 18:37:21,196 INFO  [Main] Node [automated=true, done=true, timestamp=76, url=http://lums.edu.pk/updata/parallax-slider/bg/default-color.jpg]
2015-05-13 18:37:21,196 INFO  [Main] Node [automated=true, done=true, timestamp=77, url=http://lums.edu.pk/assets/plugins/parallax-slider/img/bg-text.png]
2015-05-13 18:37:21,196 INFO  [Main] Node [automated=true, done=true, timestamp=78, url=http://fonts.gstatic.com/s/opensans/v13/cJZKeOuBrn4kERxqtaUH3VtXRa8TVwTICgirnJhmVJw.woff2]
2015-05-13 18:37:21,196 INFO  [Main] Node [automated=true, done=true, timestamp=79, url=http://lums.edu.pk/assets/plugins/parallax-slider/img/arrows.png]
2015-05-13 18:37:21,196 INFO  [Main] Node [automated=true, done=true, timestamp=80, url=http://lums.edu.pk/assets/img/icons/social/facebook.png]
2015-05-13 18:37:21,196 INFO  [Main] Node [automated=true, done=true, timestamp=81, url=http://lums.edu.pk/assets/img/icons/social/twitter.png]
2015-05-13 18:37:21,196 INFO  [Main] Node [automated=true, done=true, timestamp=82, url=http://lums.edu.pk/assets/img/icons/social/linkedin.png]
2015-05-13 18:37:21,196 INFO  [Main] Node [automated=true, done=true, timestamp=83, url=http://lums.edu.pk/assets/img/icons/social/vimeo.png]
2015-05-13 18:37:21,196 INFO  [Main] Node [automated=true, done=true, timestamp=84, url=http://lums.edu.pk/assets/img/up.png]
2015-05-13 18:37:21,196 INFO  [Main] Node [automated=true, done=true, timestamp=85, url=http://lums.edu.pk/assets/plugins/font-awesome/fonts/fontawesome-webfont.ttf?v=4.0.3]
2015-05-13 18:37:21,196 INFO  [Main] Node [automated=true, done=true, timestamp=86, url=http://lums.edu.pk/assets/plugins/calendario/css/calendar.css]
2015-05-13 18:37:21,196 INFO  [Main] Node [automated=true, done=true, timestamp=87, url=http://lums.edu.pk/assets/plugins/calendario/css/custom_2.css]
2015-05-13 18:37:21,196 INFO  [Main] Node [automated=true, done=true, timestamp=88, url=http://lums.edu.pk/assets/plugins/calendario/js/modernizr.custom.63321.js]
2015-05-13 18:37:21,196 INFO  [Main] Node [automated=true, done=true, timestamp=89, url=http://lums.edu.pk/assets/plugins/calendario/js/jquery-1.8.2.min.js]
2015-05-13 18:37:21,196 INFO  [Main] Node [automated=true, done=true, timestamp=90, url=http://lums.edu.pk/assets/plugins/calendario/js/jquery.calendario.js]
2015-05-13 18:37:21,196 INFO  [Main] Node [automated=true, done=true, timestamp=91, url=http://lums.edu.pk/includes/calendar_index.php?web_site_id=1]
2015-05-13 18:37:21,196 INFO  [Main] Node [automated=true, done=true, timestamp=92, url=https://www.google.com.pk/images/mappins_red.png]
2015-05-13 18:37:21,196 INFO  [Main] Node [automated=false, done=false, timestamp=93, url=https://ssl.gstatic.com/docs/common/cleardot.gif?zx=ggevrueb4cgx]
2015-05-13 18:37:32,271 INFO  [Main] Node [automated=false, done=false, timestamp=94, url=https://www.google.com.pk/url?sa=t&rct=j&q=&esrc=s&source=web&cd=1&ved=0CBwQFjAA&url=http%3A%2F%2Fwww.lums.edu.pk%2F&ei=LkdTVfOZJMy3sQHcl4CgBA&usg=AFQjCNFPNqgw_Zv8kFYAP5Cb5a7ynvR1Lw&bvm=bv.93112503,d.bGg]
2015-05-13 18:37:48,417 INFO  [Main] Node [automated=true, done=true, timestamp=95, url=http://stats.g.doubleclick.net/__utm.gif?utmwv=5.6.4dc&utms=1&utmn=354946507&utmhn=www.lums.edu.pk&utmcs=UTF-8&utmsr=1366x768&utmvp=524x629&utmsc=24-bit&utmul=en-us&utmje=1&utmfl=17.0%20r0&utmdt=Home%20%7C%20LUMS&utmhid=1092708136&utmr=https%3A%2F%2Fwww.google.com.pk%2F&utmp=%2F&utmht=1431521087067&utmac=UA-59619873-1&utmcc=__utma%3D245211800.1270113078.1431521087.1431521087.1431521087.1%3B%2B__utmz%3D245211800.1431521087.1.1.utmcsr%3Dgoogle%7Cutmccn%3D(organic)%7Cutmcmd%3Dorganic%7Cutmctr%3D(not%2520provided)%3B&utmu=qAAAAAAAAAAAAAAAAAAAIAQ~]
2015-05-13 18:37:48,417 INFO  [Main] Node [automated=false, done=false, timestamp=96, url=http://www.google-analytics.com/collect?v=1&_v=j36&a=1092708136&t=pageview&_s=1&dl=http%3A%2F%2Fwww.lums.edu.pk%2F&dr=https%3A%2F%2Fwww.google.com.pk%2F&ul=en-us&de=UTF-8&dt=Home%20%7C%20LUMS&sd=24-bit&sr=1366x768&vp=524x629&je=1&fl=17.0%20r0&_utma=245211800.1270113078.1431521087.1431521087.1431521087.1&_utmz=245211800.1431521087.1.1.utmcsr%3Dgoogle%7Cutmccn%3D(organic)%7Cutmcmd%3Dorganic%7Cutmctr%3D(not%2520provided)&_utmht=1431521087077&_u=ASQCgAAB~&jid=421223081&cid=1270113078.1431521087&tid=UA-59619873-1&z=904268155]
2015-05-13 18:37:59,197 INFO  [Main] Node [automated=false, done=false, timestamp=97, url=https://stats.g.doubleclick.net/r/collect?t=dc&aip=1&_r=3&v=1&_v=j36&tid=UA-59619873-1&cid=1270113078.1431521087&jid=421223081&_u=ASQCgAAB~&z=829179673]
2015-05-13 18:38:10,413 INFO  [Main] Node [automated=false, done=false, timestamp=98, url=http://lums.edu.pk/resources/page.php/students-resources]
2015-05-13 18:38:23,729 INFO  [Main] Node [automated=true, done=true, timestamp=99, url=http://lums.edu.pk/updata/websites/original/39_20141124110410.jpg]
2015-05-13 18:38:23,729 INFO  [Main] Node [automated=true, done=true, timestamp=100, url=http://lums.edu.pk/assets/img/breadcrumbs.png]
2015-05-13 18:38:23,729 INFO  [Main] Node [automated=true, done=true, timestamp=101, url=http://lums.edu.pk/assets/plugins/line-icons/fonts/Simple-Line-Icons.woff]
2015-05-13 18:38:23,729 INFO  [Main] Node [automated=true, done=true, timestamp=102, url=http://www.google-analytics.com/collect?v=1&_v=j36&a=540811550&t=pageview&_s=1&dl=http%3A%2F%2Flums.edu.pk%2Fresources%2Fpage.php%2Fstudents-resources&dr=http%3A%2F%2Fwww.lums.edu.pk%2F&ul=en-us&de=UTF-8&dt=Resources%20-%20Students&sd=24-bit&sr=1366x768&vp=524x629&je=1&fl=17.0%20r0&_utma=245211800.1270113078.1431521087.1431521087.1431521087.1&_utmz=245211800.1431521087.1.1.utmcsr%3Dgoogle%7Cutmccn%3D(organic)%7Cutmcmd%3Dorganic%7Cutmctr%3D(not%2520provided)&_utmht=1431521100340&_u=ACCCgAAB~&jid=&cid=1270113078.1431521087&tid=UA-59619873-1&z=1294750994]
2015-05-13 18:38:23,729 INFO  [Main] Node [automated=false, done=false, timestamp=103, url=http://stats.g.doubleclick.net/__utm.gif?utmwv=5.6.4dc&utms=2&utmn=902575527&utmhn=lums.edu.pk&utmcs=UTF-8&utmsr=1366x768&utmvp=524x629&utmsc=24-bit&utmul=en-us&utmje=1&utmfl=17.0%20r0&utmdt=Resources%20-%20Students&utmhid=540811550&utmr=http%3A%2F%2Fwww.lums.edu.pk%2F&utmp=%2Fresources%2Fpage.php%2Fstudents-resources&utmht=1431521100371&utmac=UA-59619873-1&utmcc=__utma%3D245211800.1270113078.1431521087.1431521087.1431521087.1%3B%2B__utmz%3D245211800.1431521087.1.1.utmcsr%3Dgoogle%7Cutmccn%3D(organic)%7Cutmcmd%3Dorganic%7Cutmctr%3D(not%2520provided)%3B&utmu=q~]
2015-05-13 18:38:34,853 INFO  [Main] Max Similarity: 1.0
2015-05-13 18:38:34,853 INFO  [Main] Total Time (mins): 1
