2015-05-13 18:21:33,800 INFO  [Main] Wed May 13 18:21:33 PKT 2015
2015-05-13 18:21:33,815 INFO  [Main] Total: 95
2015-05-13 18:21:33,815 INFO  [Main] Node [automated=false, done=false, timestamp=1, url=http://www.lums.edu.pk/]
2015-05-13 18:21:45,092 INFO  [Main] Sim Change: [0.2727272727272727] currentUrl=[http://lums.edu.pk/assets/plugins/bootstrap/css/bootstrap.css] anchorUrl=[http://www.lums.edu.pk/]
2015-05-13 18:21:45,092 INFO  [Main] Sim Change: [1.0] currentUrl=[http://lums.edu.pk/assets/plugins/bootstrap/css/bootstrap.css] anchorUrl=[http://lums.edu.pk/assets/plugins/bootstrap/css/bootstrap.css]
2015-05-13 18:21:50,694 INFO  [Main] Node [automated=true, done=true, timestamp=2, url=http://lums.edu.pk/assets/plugins/bootstrap/css/bootstrap.css]
2015-05-13 18:21:50,694 INFO  [Main] Node [automated=true, done=true, timestamp=3, url=http://lums.edu.pk/assets/css/style.css]
2015-05-13 18:21:50,694 INFO  [Main] Node [automated=true, done=true, timestamp=4, url=http://lums.edu.pk/assets/plugins/line-icons/line-icons.css]
2015-05-13 18:21:50,694 INFO  [Main] Node [automated=true, done=true, timestamp=5, url=http://lums.edu.pk/assets/plugins/font-awesome/css/font-awesome.min.css]
2015-05-13 18:21:50,694 INFO  [Main] Node [automated=true, done=true, timestamp=6, url=http://lums.edu.pk/assets/plugins/flexslider/flexslider.css]
2015-05-13 18:21:50,694 INFO  [Main] Node [automated=true, done=true, timestamp=7, url=http://lums.edu.pk/assets/plugins/parallax-slider/css/parallax-slider.css]
2015-05-13 18:21:50,694 INFO  [Main] Node [automated=true, done=true, timestamp=8, url=http://lums.edu.pk/assets/plugins/fancybox/source/jquery.fancybox.css]
2015-05-13 18:21:50,694 INFO  [Main] Node [automated=true, done=true, timestamp=9, url=http://lums.edu.pk/assets/css/pages/portfolio-v1.css]
2015-05-13 18:21:50,694 INFO  [Main] Node [automated=true, done=true, timestamp=10, url=http://lums.edu.pk/assets/css/pages/portfolio-v2.css]
2015-05-13 18:21:50,694 INFO  [Main] Node [automated=true, done=true, timestamp=11, url=http://lums.edu.pk/assets/css/pages/page_pricing.css]
2015-05-13 18:21:50,694 INFO  [Main] Node [automated=true, done=true, timestamp=12, url=http://lums.edu.pk/assets/plugins/sky-forms/version-2.0.1/css/custom-sky-forms.css]
2015-05-13 18:21:50,694 INFO  [Main] Node [automated=true, done=true, timestamp=13, url=http://lums.edu.pk/assets/plugins/owl-carousel/owl-carousel/owl.carousel.css]
2015-05-13 18:21:50,694 INFO  [Main] Node [automated=true, done=true, timestamp=14, url=http://lums.edu.pk/assets/plugins/revolution-slider/examples/rs-plugin/css/settings.css]
2015-05-13 18:21:50,694 INFO  [Main] Node [automated=true, done=true, timestamp=15, url=http://lums.edu.pk/assets/css/themes/dark-blue.css]
2015-05-13 18:21:50,694 INFO  [Main] Node [automated=true, done=true, timestamp=16, url=http://lums.edu.pk/assets/css/custom.css]
2015-05-13 18:21:50,694 INFO  [Main] Node [automated=true, done=true, timestamp=17, url=http://lums.edu.pk/assets/plugins/jquery-1.10.2.min.js]
2015-05-13 18:21:50,694 INFO  [Main] Node [automated=true, done=true, timestamp=18, url=http://lums.edu.pk/assets/plugins/jquery-migrate-1.2.1.min.js]
2015-05-13 18:21:50,694 INFO  [Main] Node [automated=true, done=true, timestamp=19, url=http://lums.edu.pk/assets/plugins/bootstrap/js/bootstrap.min.js]
2015-05-13 18:21:50,694 INFO  [Main] Node [automated=true, done=true, timestamp=20, url=http://lums.edu.pk/assets/plugins/back-to-top.js]
2015-05-13 18:21:50,694 INFO  [Main] Node [automated=true, done=true, timestamp=21, url=http://lums.edu.pk/assets/plugins/jquery.mixitup.min.js]
2015-05-13 18:21:50,694 INFO  [Main] Node [automated=true, done=true, timestamp=22, url=http://lums.edu.pk/assets/plugins/flexslider/jquery.flexslider-min.js]
2015-05-13 18:21:50,694 INFO  [Main] Node [automated=true, done=true, timestamp=23, url=http://lums.edu.pk/assets/plugins/parallax-slider/js/modernizr.js]
2015-05-13 18:21:50,694 INFO  [Main] Node [automated=true, done=true, timestamp=24, url=http://lums.edu.pk/assets/plugins/parallax-slider/js/jquery.cslider.js]
2015-05-13 18:21:50,694 INFO  [Main] Node [automated=true, done=true, timestamp=25, url=http://lums.edu.pk/assets/js/app.js]
2015-05-13 18:21:50,694 INFO  [Main] Node [automated=true, done=true, timestamp=26, url=http://lums.edu.pk/assets/js/pages/index.js]
2015-05-13 18:21:50,694 INFO  [Main] Node [automated=true, done=true, timestamp=27, url=http://lums.edu.pk/assets/js/pages/page_portfolio.js]
2015-05-13 18:21:50,694 INFO  [Main] Node [automated=true, done=true, timestamp=28, url=http://lums.edu.pk/assets/plugins/owl-carousel/owl-carousel/owl.carousel.js]
2015-05-13 18:21:50,694 INFO  [Main] Node [automated=true, done=true, timestamp=29, url=http://lums.edu.pk/assets/plugins/revolution-slider/examples/rs-plugin/js/jquery.themepunch.plugins.min.js]
2015-05-13 18:21:50,694 INFO  [Main] Node [automated=true, done=true, timestamp=30, url=http://lums.edu.pk/assets/plugins/revolution-slider/examples/rs-plugin/js/jquery.themepunch.revolution.min.js]
2015-05-13 18:21:50,694 INFO  [Main] Node [automated=true, done=true, timestamp=31, url=http://lums.edu.pk/assets/js/plugins/owl-carousel.js]
2015-05-13 18:21:50,694 INFO  [Main] Node [automated=true, done=true, timestamp=32, url=http://lums.edu.pk/assets/css/app.css]
2015-05-13 18:21:50,694 INFO  [Main] Node [automated=true, done=true, timestamp=33, url=http://lums.edu.pk/assets/css/plugins.css]
2015-05-13 18:21:50,694 INFO  [Main] Node [automated=true, done=true, timestamp=34, url=http://lums.edu.pk/assets/css/plugins/animate.css]
2015-05-13 18:21:50,694 INFO  [Main] Node [automated=true, done=true, timestamp=35, url=http://lums.edu.pk/assets/css/plugins/box-shadows.css]
2015-05-13 18:21:50,694 INFO  [Main] Node [automated=true, done=true, timestamp=36, url=http://lums.edu.pk/assets/plugins/sky-forms/version-2.0.1/css/sky-forms.css]
2015-05-13 18:21:50,694 INFO  [Main] Node [automated=true, done=true, timestamp=37, url=http://lums.edu.pk/updata/websites/original/1_20140328112759.png]
2015-05-13 18:21:50,694 INFO  [Main] Node [automated=true, done=true, timestamp=38, url=http://fonts.googleapis.com/css?family=Open+Sans:300,400]
2015-05-13 18:21:50,694 INFO  [Main] Node [automated=true, done=true, timestamp=39, url=http://lums.edu.pk/updata/parallax-slider/w617/5_20150430092527_slide.png]
2015-05-13 18:21:50,694 INFO  [Main] Node [automated=true, done=true, timestamp=40, url=http://fonts.googleapis.com/css?family=Open+Sans:300,400,700]
2015-05-13 18:21:50,694 INFO  [Main] Node [automated=true, done=true, timestamp=41, url=http://lums.edu.pk/updata/parallax-slider/w617/6_20150430092625_slide.png]
2015-05-13 18:21:50,694 INFO  [Main] Node [automated=true, done=true, timestamp=42, url=http://lums.edu.pk/updata/parallax-slider/w617/7_20150430092811_slide.png]
2015-05-13 18:21:50,694 INFO  [Main] Node [automated=true, done=true, timestamp=43, url=http://lums.edu.pk/updata/schools/icon_sdsb.jpg]
2015-05-13 18:21:50,694 INFO  [Main] Node [automated=true, done=true, timestamp=44, url=http://lums.edu.pk/updata/schools/icon_mgshss.jpg]
2015-05-13 18:21:50,694 INFO  [Main] Node [automated=true, done=true, timestamp=45, url=http://lums.edu.pk/updata/schools/icon_sbasse.jpg]
2015-05-13 18:21:50,694 INFO  [Main] Node [automated=true, done=true, timestamp=46, url=http://lums.edu.pk/updata/schools/icon_sahsol_new.jpg]
2015-05-13 18:21:50,694 INFO  [Main] Node [automated=true, done=true, timestamp=47, url=http://lums.edu.pk/updata/calendar/w320/3407_20150513104635.jpg]
2015-05-13 18:21:50,694 INFO  [Main] Node [automated=true, done=true, timestamp=48, url=http://lums.edu.pk/updata/calendar/w320/3401_20150512104256.jpg]
2015-05-13 18:21:50,694 INFO  [Main] Node [automated=true, done=true, timestamp=49, url=http://lums.edu.pk/updata/calendar/w320/3405_20150512114549.jpg]
2015-05-13 18:21:50,694 INFO  [Main] Node [automated=true, done=true, timestamp=50, url=http://lums.edu.pk/updata/calendar/w320/3398_20150507112212.jpg]
2015-05-13 18:21:50,694 INFO  [Main] Node [automated=true, done=true, timestamp=51, url=http://lums.edu.pk/updata/calendar/w320/3404_20150512111957.jpg]
2015-05-13 18:21:50,694 INFO  [Main] Node [automated=true, done=true, timestamp=52, url=http://lums.edu.pk/updata/calendar/w320/3382_20150430171011.jpg]
2015-05-13 18:21:50,694 INFO  [Main] Node [automated=true, done=true, timestamp=53, url=http://lums.edu.pk/updata/calendar/w320/3402_20150512110757.jpg]
2015-05-13 18:21:50,694 INFO  [Main] Node [automated=true, done=true, timestamp=54, url=http://lums.edu.pk/updata/calendar/w320/3386_20150504105917.jpg]
2015-05-13 18:21:50,694 INFO  [Main] Node [automated=true, done=true, timestamp=55, url=http://lums.edu.pk/updata/calendar/w320/3384_20150504103016.jpg]
2015-05-13 18:21:50,694 INFO  [Main] Node [automated=true, done=true, timestamp=56, url=http://lums.edu.pk/updata/calendar/w320/3374_20150428121857.jpg]
2015-05-13 18:21:50,694 INFO  [Main] Node [automated=true, done=true, timestamp=57, url=http://lums.edu.pk/updata/calendar/w320/3378_20150429104249.jpg]
2015-05-13 18:21:50,694 INFO  [Main] Node [automated=true, done=true, timestamp=58, url=http://lums.edu.pk/updata/calendar/w320/3359_20150422090307.jpg]
2015-05-13 18:21:50,694 INFO  [Main] Node [automated=true, done=true, timestamp=59, url=http://lums.edu.pk/updata/calendar/w320/3335_20150413094959.jpg]
2015-05-13 18:21:50,694 INFO  [Main] Node [automated=true, done=true, timestamp=60, url=http://lums.edu.pk/updata/websites/tiny/logo.png]
2015-05-13 18:21:50,694 INFO  [Main] Node [automated=true, done=true, timestamp=61, url=http://www.google-analytics.com/analytics.js]
2015-05-13 18:21:50,694 INFO  [Main] Node [automated=true, done=true, timestamp=62, url=http://www.lums.edu.pk/calendar_index.php]
2015-05-13 18:21:50,694 INFO  [Main] Node [automated=true, done=true, timestamp=63, url=http://lums.edu.pk/assets/plugins/font-awesome/fonts/fontawesome-webfont.woff?v=4.0.3]
2015-05-13 18:21:50,694 INFO  [Main] Node [automated=true, done=true, timestamp=64, url=http://lums.edu.pk/updata/parallax-slider/bg/default-color.jpg]
2015-05-13 18:21:50,694 INFO  [Main] Node [automated=true, done=true, timestamp=65, url=http://lums.edu.pk/assets/plugins/parallax-slider/img/bg-text.png]
2015-05-13 18:21:50,694 INFO  [Main] Node [automated=true, done=true, timestamp=66, url=http://fonts.gstatic.com/s/opensans/v13/cJZKeOuBrn4kERxqtaUH3VtXRa8TVwTICgirnJhmVJw.woff2]
2015-05-13 18:21:50,694 INFO  [Main] Node [automated=true, done=true, timestamp=67, url=http://lums.edu.pk/assets/plugins/parallax-slider/img/arrows.png]
2015-05-13 18:21:50,694 INFO  [Main] Node [automated=true, done=true, timestamp=68, url=http://lums.edu.pk/assets/img/icons/social/facebook.png]
2015-05-13 18:21:50,694 INFO  [Main] Node [automated=true, done=true, timestamp=69, url=http://lums.edu.pk/assets/img/icons/social/twitter.png]
2015-05-13 18:21:50,694 INFO  [Main] Node [automated=true, done=true, timestamp=70, url=http://stats.g.doubleclick.net/dc.js]
2015-05-13 18:21:50,694 INFO  [Main] Node [automated=true, done=true, timestamp=71, url=http://lums.edu.pk/assets/img/icons/social/linkedin.png]
2015-05-13 18:21:50,694 INFO  [Main] Node [automated=true, done=true, timestamp=72, url=http://lums.edu.pk/assets/plugins/font-awesome/fonts/fontawesome-webfont.ttf?v=4.0.3]
2015-05-13 18:21:50,694 INFO  [Main] Node [automated=true, done=true, timestamp=73, url=http://lums.edu.pk/assets/plugins/calendario/css/calendar.css]
2015-05-13 18:21:50,694 INFO  [Main] Node [automated=true, done=true, timestamp=74, url=http://lums.edu.pk/assets/plugins/calendario/css/custom_2.css]
2015-05-13 18:21:50,694 INFO  [Main] Node [automated=true, done=true, timestamp=75, url=http://lums.edu.pk/assets/plugins/calendario/js/modernizr.custom.63321.js]
2015-05-13 18:21:50,694 INFO  [Main] Node [automated=true, done=true, timestamp=76, url=http://lums.edu.pk/assets/plugins/calendario/js/jquery-1.8.2.min.js]
2015-05-13 18:21:50,694 INFO  [Main] Node [automated=true, done=true, timestamp=77, url=http://lums.edu.pk/assets/plugins/calendario/js/jquery.calendario.js]
2015-05-13 18:21:50,694 INFO  [Main] Node [automated=true, done=true, timestamp=78, url=http://lums.edu.pk/includes/calendar_index.php?web_site_id=1]
2015-05-13 18:21:50,694 INFO  [Main] Node [automated=true, done=true, timestamp=79, url=http://lums.edu.pk/assets/img/icons/social/vimeo.png]
2015-05-13 18:21:50,694 INFO  [Main] Node [automated=true, done=true, timestamp=80, url=http://lums.edu.pk/assets/img/up.png]
2015-05-13 18:21:50,694 INFO  [Main] Node [automated=false, done=false, timestamp=81, url=http://www.google-analytics.com/collect?v=1&_v=j36&a=36137203&t=pageview&_s=1&dl=http%3A%2F%2Fwww.lums.edu.pk%2F&ul=en-us&de=UTF-8&dt=Home%20%7C%20LUMS&sd=24-bit&sr=1366x768&vp=686x629&je=1&fl=17.0%20r0&_u=AGAAgAAB~&jid=605250172&cid=985167178.1431523103&tid=UA-59619873-1&z=340062558]
2015-05-13 18:22:01,618 INFO  [Main] Node [automated=true, done=true, timestamp=82, url=http://stats.g.doubleclick.net/__utm.gif?utmwv=5.6.4dc&utms=1&utmn=2017361047&utmhn=www.lums.edu.pk&utmcs=UTF-8&utmsr=1366x768&utmvp=686x629&utmsc=24-bit&utmul=en-us&utmje=1&utmfl=17.0%20r0&utmdt=Home%20%7C%20LUMS&utmhid=36137203&utmr=-&utmp=%2F&utmht=1431523103043&utmac=UA-59619873-1&utmcc=__utma%3D245211800.985167178.1431523103.1431523103.1431523103.1%3B%2B__utmz%3D245211800.1431523103.1.1.utmcsr%3D(direct)%7Cutmccn%3D(direct)%7Cutmcmd%3D(none)%3B&utmu=qAAAAAAAAAAAAAAAAAAB~]
2015-05-13 18:22:01,618 INFO  [Main] Node [automated=false, done=false, timestamp=83, url=https://stats.g.doubleclick.net/r/collect?t=dc&aip=1&_r=3&v=1&_v=j36&tid=UA-59619873-1&cid=985167178.1431523103&jid=605250172&_u=AGAAgAAB~&z=851552324]
2015-05-13 18:22:12,736 INFO  [Main] Node [automated=false, done=false, timestamp=84, url=http://lums.edu.pk/resources/page.php/students-resources]
2015-05-13 18:22:22,362 INFO  [Main] no such vertex in graph: Node [automated=true, done=true, timestamp=85, url=http://lums.edu.pk/updata/websites/original/39_20141124110410.jpg]
2015-05-13 18:22:24,803 INFO  [Main] Node [automated=true, done=true, timestamp=85, url=http://lums.edu.pk/updata/websites/original/39_20141124110410.jpg]
2015-05-13 18:22:24,803 INFO  [Main] Node [automated=false, done=false, timestamp=86, url=http://www.google-analytics.com/collect?v=1&_v=j36&a=1471452273&t=pageview&_s=1&dl=http%3A%2F%2Flums.edu.pk%2Fresources%2Fpage.php%2Fstudents-resources&dr=http%3A%2F%2Fwww.lums.edu.pk%2F&ul=en-us&de=UTF-8&dt=Resources%20-%20Students&sd=24-bit&sr=1366x768&vp=703x629&je=1&fl=17.0%20r0&_utma=245211800.985167178.1431523103.1431523103.1431523103.1&_utmz=245211800.1431523103.1.1.utmcsr%3D(direct)%7Cutmccn%3D(direct)%7Cutmcmd%3D(none)&_utmht=1431523114087&_u=ACCCgAAB~&jid=&cid=985167178.1431523103&tid=UA-59619873-1&z=1036657237]
2015-05-13 18:22:35,643 INFO  [Main] Node [automated=true, done=true, timestamp=87, url=http://lums.edu.pk/assets/img/breadcrumbs.png]
2015-05-13 18:22:35,643 INFO  [Main] Node [automated=true, done=true, timestamp=88, url=http://lums.edu.pk/assets/plugins/line-icons/fonts/Simple-Line-Icons.woff]
2015-05-13 18:22:35,643 INFO  [Main] Node [automated=false, done=false, timestamp=89, url=http://stats.g.doubleclick.net/__utm.gif?utmwv=5.6.4dc&utms=2&utmn=321852606&utmhn=lums.edu.pk&utmcs=UTF-8&utmsr=1366x768&utmvp=686x629&utmsc=24-bit&utmul=en-us&utmje=1&utmfl=17.0%20r0&utmdt=Resources%20-%20Students&utmhid=1471452273&utmr=http%3A%2F%2Fwww.lums.edu.pk%2F&utmp=%2Fresources%2Fpage.php%2Fstudents-resources&utmht=1431523114221&utmac=UA-59619873-1&utmcc=__utma%3D245211800.985167178.1431523103.1431523103.1431523103.1%3B%2B__utmz%3D245211800.1431523103.1.1.utmcsr%3D(direct)%7Cutmccn%3D(direct)%7Cutmcmd%3D(none)%3B&utmu=q~]
2015-05-13 18:22:46,628 INFO  [Main] Node [automated=true, done=true, timestamp=90, url=http://lums.edu.pk/assets/plugins/line-icons/fonts/Simple-Line-Icons.ttf]
2015-05-13 18:22:46,628 INFO  [Main] Node [automated=false, done=false, timestamp=91, url=https://ssl.gstatic.com/docs/common/cleardot.gif?zx=gr7i97wco6f9]
2015-05-13 18:22:57,609 INFO  [Main] Node [automated=true, done=true, timestamp=92, url=http://lums.edu.pk/resources/page.php/staff-resources]
2015-05-13 18:22:57,609 INFO  [Main] Node [automated=false, done=false, timestamp=93, url=http://lums.edu.pk/updata/departments/w270/no-image.jpg]
2015-05-13 18:23:08,197 INFO  [Main] Node [automated=true, done=true, timestamp=94, url=http://www.google-analytics.com/collect?v=1&_v=j36&a=482308597&t=pageview&_s=1&dl=http%3A%2F%2Flums.edu.pk%2Fresources%2Fpage.php%2Fstaff-resources&ul=en-us&de=UTF-8&dt=Resources%20-%20Staff&sd=24-bit&sr=1366x768&vp=703x629&je=1&fl=17.0%20r0&_utma=245211800.985167178.1431523103.1431523103.1431523103.1&_utmz=245211800.1431523103.1.1.utmcsr%3D(direct)%7Cutmccn%3D(direct)%7Cutmcmd%3D(none)&_utmht=1431523139523&_u=ACCCgAAB~&jid=&cid=985167178.1431523103&tid=UA-59619873-1&z=749994083]
2015-05-13 18:23:08,198 INFO  [Main] Node [automated=true, done=true, timestamp=95, url=http://stats.g.doubleclick.net/__utm.gif?utmwv=5.6.4dc&utms=3&utmn=985233173&utmhn=lums.edu.pk&utmcs=UTF-8&utmsr=1366x768&utmvp=686x629&utmsc=24-bit&utmul=en-us&utmje=1&utmfl=17.0%20r0&utmdt=Resources%20-%20Staff&utmhid=482308597&utmr=0&utmp=%2Fresources%2Fpage.php%2Fstaff-resources&utmht=1431523139632&utmac=UA-59619873-1&utmcc=__utma%3D245211800.985167178.1431523103.1431523103.1431523103.1%3B%2B__utmz%3D245211800.1431523103.1.1.utmcsr%3D(direct)%7Cutmccn%3D(direct)%7Cutmcmd%3D(none)%3B&utmu=q~]
2015-05-13 18:23:08,199 INFO  [Main] Max Similarity: 1.0
2015-05-13 18:23:08,199 INFO  [Main] Total Time (mins): 1
